<?xml version="1.0" encoding="UTF-8"?>
<testng-results skipped="0" failed="0" ignored="0" total="1" passed="1">
  <reporter-output>
  </reporter-output>
  <suite name="Default suite" duration-ms="91" started-at="2020-05-05T14:42:49 IST" finished-at="2020-05-05T14:42:50 IST">
    <groups>
    </groups>
    <test name="Default test" duration-ms="91" started-at="2020-05-05T14:42:49 IST" finished-at="2020-05-05T14:42:50 IST">
      <class name="test.Test1">
        <test-method status="PASS" signature="NativeApp()[pri:0, instance:test.Test1@5f9d02cb]" name="NativeApp" duration-ms="14" started-at="2020-05-05T14:42:50 IST" finished-at="2020-05-05T14:42:50 IST">
          <reporter-output>
          </reporter-output>
        </test-method> <!-- NativeApp -->
      </class> <!-- test.Test1 -->
    </test> <!-- Default test -->
  </suite> <!-- Default suite -->
</testng-results>
